<?xml version="1.0" encoding="UTF-8"?>
<testsuite xmlns:xsi="http://www.w3.org/2001/XMLSchema-instance" xsi:noNamespaceSchemaLocation="https://maven.apache.org/surefire/maven-surefire-plugin/xsd/surefire-test-report-3.0.xsd" version="3.0" name="runner.RunCucumberTest" time="4.727" tests="0" errors="0" skipped="0" failures="0">
  <properties>
    <property name="java.specification.version" value="17"/>
    <property name="sun.cpu.isalist" value="amd64"/>
    <property name="sun.jnu.encoding" value="UTF-8"/>
    <property name="java.class.path" value="D:\wkkkspace\RestAssuredBddFramework\target\test-classes;D:\wkkkspace\RestAssuredBddFramework\target\classes;C:\Users\charl\.m2\repository\io\rest-assured\rest-assured\5.3.1\rest-assured-5.3.1.jar;C:\Users\charl\.m2\repository\org\apache\groovy\groovy\4.0.11\groovy-4.0.11.jar;C:\Users\charl\.m2\repository\org\apache\groovy\groovy-xml\4.0.11\groovy-xml-4.0.11.jar;C:\Users\charl\.m2\repository\org\apache\httpcomponents\httpclient\4.5.13\httpclient-4.5.13.jar;C:\Users\charl\.m2\repository\org\apache\httpcomponents\httpcore\4.4.13\httpcore-4.4.13.jar;C:\Users\charl\.m2\repository\commons-logging\commons-logging\1.2\commons-logging-1.2.jar;C:\Users\charl\.m2\repository\commons-codec\commons-codec\1.11\commons-codec-1.11.jar;C:\Users\charl\.m2\repository\org\apache\httpcomponents\httpmime\4.5.13\httpmime-4.5.13.jar;C:\Users\charl\.m2\repository\org\hamcrest\hamcrest\2.2\hamcrest-2.2.jar;C:\Users\charl\.m2\repository\org\ccil\cowan\tagsoup\tagsoup\1.2.1\tagsoup-1.2.1.jar;C:\Users\charl\.m2\repository\io\rest-assured\json-path\5.3.1\json-path-5.3.1.jar;C:\Users\charl\.m2\repository\org\apache\groovy\groovy-json\4.0.11\groovy-json-4.0.11.jar;C:\Users\charl\.m2\repository\io\rest-assured\rest-assured-common\5.3.1\rest-assured-common-5.3.1.jar;C:\Users\charl\.m2\repository\io\rest-assured\xml-path\5.3.1\xml-path-5.3.1.jar;C:\Users\charl\.m2\repository\org\apache\commons\commons-lang3\3.11\commons-lang3-3.11.jar;C:\Users\charl\.m2\repository\io\cucumber\cucumber-java\7.3.0\cucumber-java-7.3.0.jar;C:\Users\charl\.m2\repository\io\cucumber\cucumber-core\7.3.0\cucumber-core-7.3.0.jar;C:\Users\charl\.m2\repository\io\cucumber\cucumber-gherkin\7.3.0\cucumber-gherkin-7.3.0.jar;C:\Users\charl\.m2\repository\io\cucumber\cucumber-gherkin-messages\7.3.0\cucumber-gherkin-messages-7.3.0.jar;C:\Users\charl\.m2\repository\io\cucumber\gherkin\23.0.1\gherkin-23.0.1.jar;C:\Users\charl\.m2\repository\io\cucumber\messages\18.0.0\messages-18.0.0.jar;C:\Users\charl\.m2\repository\io\cucumber\tag-expressions\4.1.0\tag-expressions-4.1.0.jar;C:\Users\charl\.m2\repository\io\cucumber\cucumber-expressions\15.0.2\cucumber-expressions-15.0.2.jar;C:\Users\charl\.m2\repository\io\cucumber\datatable\7.3.0\datatable-7.3.0.jar;C:\Users\charl\.m2\repository\io\cucumber\cucumber-plugin\7.3.0\cucumber-plugin-7.3.0.jar;C:\Users\charl\.m2\repository\io\cucumber\docstring\7.3.0\docstring-7.3.0.jar;C:\Users\charl\.m2\repository\io\cucumber\html-formatter\19.1.0\html-formatter-19.1.0.jar;C:\Users\charl\.m2\repository\io\cucumber\ci-environment\9.0.4\ci-environment-9.0.4.jar;C:\Users\charl\.m2\repository\org\apiguardian\apiguardian-api\1.1.2\apiguardian-api-1.1.2.jar;C:\Users\charl\.m2\repository\info\cukes\cucumber-java\1.2.5\cucumber-java-1.2.5.jar;C:\Users\charl\.m2\repository\info\cukes\cucumber-core\1.2.5\cucumber-core-1.2.5.jar;C:\Users\charl\.m2\repository\info\cukes\cucumber-html\0.2.3\cucumber-html-0.2.3.jar;C:\Users\charl\.m2\repository\info\cukes\cucumber-jvm-deps\1.0.5\cucumber-jvm-deps-1.0.5.jar;C:\Users\charl\.m2\repository\info\cukes\gherkin\2.12.2\gherkin-2.12.2.jar;C:\Users\charl\.m2\repository\io\cucumber\cucumber-testng\7.2.0\cucumber-testng-7.2.0.jar;C:\Users\charl\.m2\repository\org\testng\testng\7.4.0\testng-7.4.0.jar;C:\Users\charl\.m2\repository\com\beust\jcommander\1.78\jcommander-1.78.jar;C:\Users\charl\.m2\repository\org\webjars\jquery\3.5.1\jquery-3.5.1.jar;C:\Users\charl\.m2\repository\junit\junit\4.12\junit-4.12.jar;C:\Users\charl\.m2\repository\org\hamcrest\hamcrest-core\1.3\hamcrest-core-1.3.jar;C:\Users\charl\.m2\repository\io\cucumber\cucumber-junit\7.3.0\cucumber-junit-7.3.0.jar;C:\Users\charl\.m2\repository\info\cukes\cucumber-testng\1.2.5\cucumber-testng-1.2.5.jar;"/>
    <property name="java.vm.vendor" value="Eclipse Adoptium"/>
    <property name="sun.arch.data.model" value="64"/>
    <property name="user.variant" value=""/>
    <property name="java.vendor.url" value="https://adoptium.net/"/>
    <property name="user.timezone" value="Asia/Calcutta"/>
    <property name="os.name" value="Windows 11"/>
    <property name="java.vm.specification.version" value="17"/>
    <property name="sun.java.launcher" value="SUN_STANDARD"/>
    <property name="user.country" value="IN"/>
    <property name="sun.boot.library.path" value="C:\Users\charl\.p2\pool\plugins\org.eclipse.justj.openjdk.hotspot.jre.full.win32.x86_64_17.0.9.v20231028-0858\jre\bin"/>
    <property name="sun.java.command" value="C:\Users\charl\AppData\Local\Temp\surefire16458454961179620522\surefirebooter-20240329123450107_3.jar C:\Users\charl\AppData\Local\Temp\surefire16458454961179620522 2024-03-29T12-34-49_903-jvmRun1 surefire-20240329123450107_1tmp surefire_0-20240329123450107_2tmp"/>
    <property name="jdk.debug" value="release"/>
    <property name="surefire.test.class.path" value="D:\wkkkspace\RestAssuredBddFramework\target\test-classes;D:\wkkkspace\RestAssuredBddFramework\target\classes;C:\Users\charl\.m2\repository\io\rest-assured\rest-assured\5.3.1\rest-assured-5.3.1.jar;C:\Users\charl\.m2\repository\org\apache\groovy\groovy\4.0.11\groovy-4.0.11.jar;C:\Users\charl\.m2\repository\org\apache\groovy\groovy-xml\4.0.11\groovy-xml-4.0.11.jar;C:\Users\charl\.m2\repository\org\apache\httpcomponents\httpclient\4.5.13\httpclient-4.5.13.jar;C:\Users\charl\.m2\repository\org\apache\httpcomponents\httpcore\4.4.13\httpcore-4.4.13.jar;C:\Users\charl\.m2\repository\commons-logging\commons-logging\1.2\commons-logging-1.2.jar;C:\Users\charl\.m2\repository\commons-codec\commons-codec\1.11\commons-codec-1.11.jar;C:\Users\charl\.m2\repository\org\apache\httpcomponents\httpmime\4.5.13\httpmime-4.5.13.jar;C:\Users\charl\.m2\repository\org\hamcrest\hamcrest\2.2\hamcrest-2.2.jar;C:\Users\charl\.m2\repository\org\ccil\cowan\tagsoup\tagsoup\1.2.1\tagsoup-1.2.1.jar;C:\Users\charl\.m2\repository\io\rest-assured\json-path\5.3.1\json-path-5.3.1.jar;C:\Users\charl\.m2\repository\org\apache\groovy\groovy-json\4.0.11\groovy-json-4.0.11.jar;C:\Users\charl\.m2\repository\io\rest-assured\rest-assured-common\5.3.1\rest-assured-common-5.3.1.jar;C:\Users\charl\.m2\repository\io\rest-assured\xml-path\5.3.1\xml-path-5.3.1.jar;C:\Users\charl\.m2\repository\org\apache\commons\commons-lang3\3.11\commons-lang3-3.11.jar;C:\Users\charl\.m2\repository\io\cucumber\cucumber-java\7.3.0\cucumber-java-7.3.0.jar;C:\Users\charl\.m2\repository\io\cucumber\cucumber-core\7.3.0\cucumber-core-7.3.0.jar;C:\Users\charl\.m2\repository\io\cucumber\cucumber-gherkin\7.3.0\cucumber-gherkin-7.3.0.jar;C:\Users\charl\.m2\repository\io\cucumber\cucumber-gherkin-messages\7.3.0\cucumber-gherkin-messages-7.3.0.jar;C:\Users\charl\.m2\repository\io\cucumber\gherkin\23.0.1\gherkin-23.0.1.jar;C:\Users\charl\.m2\repository\io\cucumber\messages\18.0.0\messages-18.0.0.jar;C:\Users\charl\.m2\repository\io\cucumber\tag-expressions\4.1.0\tag-expressions-4.1.0.jar;C:\Users\charl\.m2\repository\io\cucumber\cucumber-expressions\15.0.2\cucumber-expressions-15.0.2.jar;C:\Users\charl\.m2\repository\io\cucumber\datatable\7.3.0\datatable-7.3.0.jar;C:\Users\charl\.m2\repository\io\cucumber\cucumber-plugin\7.3.0\cucumber-plugin-7.3.0.jar;C:\Users\charl\.m2\repository\io\cucumber\docstring\7.3.0\docstring-7.3.0.jar;C:\Users\charl\.m2\repository\io\cucumber\html-formatter\19.1.0\html-formatter-19.1.0.jar;C:\Users\charl\.m2\repository\io\cucumber\ci-environment\9.0.4\ci-environment-9.0.4.jar;C:\Users\charl\.m2\repository\org\apiguardian\apiguardian-api\1.1.2\apiguardian-api-1.1.2.jar;C:\Users\charl\.m2\repository\info\cukes\cucumber-java\1.2.5\cucumber-java-1.2.5.jar;C:\Users\charl\.m2\repository\info\cukes\cucumber-core\1.2.5\cucumber-core-1.2.5.jar;C:\Users\charl\.m2\repository\info\cukes\cucumber-html\0.2.3\cucumber-html-0.2.3.jar;C:\Users\charl\.m2\repository\info\cukes\cucumber-jvm-deps\1.0.5\cucumber-jvm-deps-1.0.5.jar;C:\Users\charl\.m2\repository\info\cukes\gherkin\2.12.2\gherkin-2.12.2.jar;C:\Users\charl\.m2\repository\io\cucumber\cucumber-testng\7.2.0\cucumber-testng-7.2.0.jar;C:\Users\charl\.m2\repository\org\testng\testng\7.4.0\testng-7.4.0.jar;C:\Users\charl\.m2\repository\com\beust\jcommander\1.78\jcommander-1.78.jar;C:\Users\charl\.m2\repository\org\webjars\jquery\3.5.1\jquery-3.5.1.jar;C:\Users\charl\.m2\repository\junit\junit\4.12\junit-4.12.jar;C:\Users\charl\.m2\repository\org\hamcrest\hamcrest-core\1.3\hamcrest-core-1.3.jar;C:\Users\charl\.m2\repository\io\cucumber\cucumber-junit\7.3.0\cucumber-junit-7.3.0.jar;C:\Users\charl\.m2\repository\info\cukes\cucumber-testng\1.2.5\cucumber-testng-1.2.5.jar;"/>
    <property name="sun.cpu.endian" value="little"/>
    <property name="user.home" value="C:\Users\charl"/>
    <property name="user.language" value="en"/>
    <property name="java.specification.vendor" value="Oracle Corporation"/>
    <property name="java.version.date" value="2023-10-17"/>
    <property name="java.home" value="C:\Users\charl\.p2\pool\plugins\org.eclipse.justj.openjdk.hotspot.jre.full.win32.x86_64_17.0.9.v20231028-0858\jre"/>
    <property name="file.separator" value="\"/>
    <property name="style.color" value="always"/>
    <property name="basedir" value="D:\wkkkspace\RestAssuredBddFramework"/>
    <property name="java.vm.compressedOopsMode" value="32-bit"/>
    <property name="line.separator" value="&#10;"/>
    <property name="java.vm.specification.vendor" value="Oracle Corporation"/>
    <property name="java.specification.name" value="Java Platform API Specification"/>
    <property name="surefire.real.class.path" value="C:\Users\charl\AppData\Local\Temp\surefire16458454961179620522\surefirebooter-20240329123450107_3.jar"/>
    <property name="user.script" value=""/>
    <property name="sun.management.compiler" value="HotSpot 64-Bit Tiered Compilers"/>
    <property name="java.runtime.version" value="17.0.9+9"/>
    <property name="user.name" value="charl"/>
    <property name="path.separator" value=";"/>
    <property name="os.version" value="10.0"/>
    <property name="java.runtime.name" value="OpenJDK Runtime Environment"/>
    <property name="file.encoding" value="UTF-8"/>
    <property name="java.vm.name" value="OpenJDK 64-Bit Server VM"/>
    <property name="java.vendor.version" value="Temurin-17.0.9+9"/>
    <property name="localRepository" value="C:\Users\charl\.m2\repository"/>
    <property name="java.vendor.url.bug" value="https://github.com/adoptium/adoptium-support/issues"/>
    <property name="java.io.tmpdir" value="C:\Users\charl\AppData\Local\Temp\"/>
    <property name="java.version" value="17.0.9"/>
    <property name="user.dir" value="D:\wkkkspace\RestAssuredBddFramework"/>
    <property name="os.arch" value="amd64"/>
    <property name="java.vm.specification.name" value="Java Virtual Machine Specification"/>
    <property name="sun.os.patch.level" value=""/>
    <property name="native.encoding" value="UTF-8"/>
    <property name="java.library.path" value="C:\Users\charl\.p2\pool\plugins\org.eclipse.justj.openjdk.hotspot.jre.full.win32.x86_64_17.0.9.v20231028-0858\jre\bin;C:\WINDOWS\Sun\Java\bin;C:\WINDOWS\system32;C:\WINDOWS;C:/Users/charl/.p2/pool/plugins/org.eclipse.justj.openjdk.hotspot.jre.full.win32.x86_64_17.0.9.v20231028-0858/jre/bin/server;C:/Users/charl/.p2/pool/plugins/org.eclipse.justj.openjdk.hotspot.jre.full.win32.x86_64_17.0.9.v20231028-0858/jre/bin;C:\Program Files\Common Files\Oracle\Java\javapath;C:\windows\system32;C:\windows;C:\windows\System32\Wbem;C:\windows\System32\WindowsPowerShell\v1.0\;C:\windows\System32\OpenSSH\;C:\Program Files (x86)\NVIDIA Corporation\PhysX\Common;C:\Program Files\Intel\WiFi\bin\;C:\Program Files\Common Files\Intel\WirelessCommon\;C:\WINDOWS\system32;C:\WINDOWS;C:\WINDOWS\System32\Wbem;C:\WINDOWS\System32\WindowsPowerShell\v1.0\;C:\WINDOWS\System32\OpenSSH\;D:\Program Files\apache-maven-3.8.6\bin;C:\Users\charl\AppData\Local\Microsoft\WindowsApps;;D:\Program Files\Microsoft VS Code\bin;C:\WINDOWS\system32;;."/>
    <property name="java.vm.info" value="mixed mode"/>
    <property name="java.vendor" value="Eclipse Adoptium"/>
    <property name="java.vm.version" value="17.0.9+9"/>
    <property name="sun.io.unicode.encoding" value="UnicodeLittle"/>
    <property name="java.class.version" value="61.0"/>
  </properties>
</testsuite>