<?xml version="1.0" encoding="UTF-8"?>
<!-- Generated by org.testng.reporters.JUnitReportReporter -->
<testsuite hostname="LAPTOP-M1JCPL9M" failures="0" tests="3" name="com.qa.rest.test.GetHttpReq" time="1.990" errors="0" timestamp="2024-03-28T18:23:00 IST" skipped="0">
  <testcase classname="com.qa.rest.test.GetHttpReq" name="i_have_a_valid_api_endpoint" time="1.738"/>
  <system-out/>
  <testcase classname="com.qa.rest.test.GetHttpReq" name="i_should_receive_a_valid_status_code" time="0.000"/>
  <system-out/>
  <testcase classname="com.qa.rest.test.GetHttpReq" name="i_send_a_get_request" time="0.252"/>
  <system-out/>
</testsuite> <!-- com.qa.rest.test.GetHttpReq -->
