<?xml version="1.0" encoding="UTF-8"?>
<!-- Generated by org.testng.reporters.JUnitReportReporter -->
<testsuite hostname="LAPTOP-M1JCPL9M" failures="0" tests="3" name="dataDrivenTesting.ReadJsonFile" time="0.012" errors="0" timestamp="2024-06-10T21:57:44 IST" skipped="0">
  <testcase classname="dataDrivenTesting.ReadJsonFile" name="readjsonFile" time="0.002"/>
  <system-out/>
  <testcase classname="dataDrivenTesting.ReadJsonFile" name="readjsonFile" time="0.002"/>
  <system-out/>
  <testcase classname="dataDrivenTesting.ReadJsonFile" name="readjsonFile" time="0.008"/>
  <system-out/>
</testsuite> <!-- dataDrivenTesting.ReadJsonFile -->
