<?xml version="1.0" encoding="UTF-8"?>
<!-- Generated by org.testng.reporters.JUnitReportReporter -->
<testsuite hostname="LAPTOP-M1JCPL9M" failures="0" tests="1" name="googleSearch.test.GoogleSearch" time="10.569" errors="0" timestamp="2024-06-13T19:52:58 IST" skipped="0">
  <testcase classname="googleSearch.test.GoogleSearch" name="openTabinChrome" time="10.569"/>
  <system-out/>
</testsuite> <!-- googleSearch.test.GoogleSearch -->
