<?xml version="1.0" encoding="UTF-8"?>
<!-- Generated by org.testng.reporters.JUnitReportReporter -->
<testsuite hostname="LAPTOP-M1JCPL9M" failures="0" tests="3" name="runner.RunCucumberTestNG" time="7.427" errors="0" timestamp="2024-05-24T12:55:49 IST" skipped="0">
  <testcase classname="runner.RunCucumberTestNG" name="runScenario" time="2.456"/>
  <system-out/>
  <testcase classname="runner.RunCucumberTestNG" name="runScenario" time="2.499"/>
  <system-out/>
  <testcase classname="runner.RunCucumberTestNG" name="runScenario" time="2.472"/>
  <system-out/>
</testsuite> <!-- runner.RunCucumberTestNG -->
