<?xml version="1.0" encoding="UTF-8"?>
<!-- Generated by org.testng.reporters.JUnitReportReporter -->
<testsuite hostname="LAPTOP-M1JCPL9M" failures="0" tests="1" name="com.qa.web.automation.ParaBankTest" time="29.698" errors="0" timestamp="2024-05-31T10:54:16 IST" skipped="0">
  <testcase classname="com.qa.web.automation.ParaBankTest" name="openUrl" time="29.698"/>
  <system-out/>
</testsuite> <!-- com.qa.web.automation.ParaBankTest -->
