<?xml version="1.0" encoding="UTF-8"?>
<!-- Generated by org.testng.reporters.JUnitReportReporter -->
<testsuite hostname="LAPTOP-M1JCPL9M" failures="0" tests="4" name="com.qa.rest.test.GetAndPost" time="5.063" errors="0" timestamp="2024-06-10T11:15:45 IST" skipped="0">
  <testcase classname="com.qa.rest.test.GetAndPost" name="listUsers" time="3.016"/>
  <system-out/>
  <testcase classname="com.qa.rest.test.GetAndPost" name="createUser" time="0.540"/>
  <system-out/>
  <testcase classname="com.qa.rest.test.GetAndPost" name="patchUser" time="1.003"/>
  <system-out/>
  <testcase classname="com.qa.rest.test.GetAndPost" name="deleteUser" time="0.504"/>
  <system-out/>
</testsuite> <!-- com.qa.rest.test.GetAndPost -->
