<?xml version="1.0" encoding="UTF-8"?>
<!-- Generated by org.testng.reporters.JUnitReportReporter -->
<testsuite hostname="LAPTOP-M1JCPL9M" failures="0" tests="1" name="googleSearch.test.IncognitoAndXpath" time="29.523" errors="0" timestamp="2024-06-25T21:10:19 IST" skipped="0">
  <testcase classname="googleSearch.test.IncognitoAndXpath" name="incognito" time="29.523"/>
  <system-out/>
</testsuite> <!-- googleSearch.test.IncognitoAndXpath -->
