<?xml version="1.0" encoding="UTF-8"?>
<!-- Generated by org.testng.reporters.JUnitReportReporter -->
<testsuite hostname="LAPTOP-M1JCPL9M" failures="0" tests="3" name="runner.RunCucumberTestNG" time="7.670" errors="0" timestamp="2024-05-15T16:17:02 IST" skipped="0">
  <testcase classname="runner.RunCucumberTestNG" name="runScenario" time="2.546"/>
  <system-out/>
  <testcase classname="runner.RunCucumberTestNG" name="runScenario" time="2.558"/>
  <system-out/>
  <testcase classname="runner.RunCucumberTestNG" name="runScenario" time="2.566"/>
  <system-out/>
</testsuite> <!-- runner.RunCucumberTestNG -->
