<?xml version="1.0" encoding="UTF-8"?>
<!-- Generated by org.testng.reporters.JUnitReportReporter -->
<testsuite hostname="LAPTOP-M1JCPL9M" failures="0" tests="1" name="com.qa.web.automation.UItest" time="34.575" errors="0" timestamp="2024-05-26T12:42:20 IST" skipped="0">
  <testcase classname="com.qa.web.automation.UItest" name="startBrowser" time="34.575"/>
  <system-out/>
</testsuite> <!-- com.qa.web.automation.UItest -->
