<?xml version="1.0" encoding="UTF-8"?>
<!-- Generated by org.testng.reporters.JUnitReportReporter -->
<testsuite hostname="LAPTOP-M1JCPL9M" failures="0" tests="3" name="dataDrivenTesting.ReadCSVFile" time="0.016" errors="0" timestamp="2024-06-10T22:34:19 IST" skipped="0">
  <testcase classname="dataDrivenTesting.ReadCSVFile" name="readCsvFile" time="0.011"/>
  <system-out/>
  <testcase classname="dataDrivenTesting.ReadCSVFile" name="readCsvFile" time="0.003"/>
  <system-out/>
  <testcase classname="dataDrivenTesting.ReadCSVFile" name="readCsvFile" time="0.002"/>
  <system-out/>
</testsuite> <!-- dataDrivenTesting.ReadCSVFile -->
