<?xml version="1.0" encoding="UTF-8"?>
<!-- Generated by org.testng.reporters.JUnitReportReporter -->
<testsuite hostname="LAPTOP-M1JCPL9M" failures="0" tests="3" name="dataDrivenTesting.ReadCSVFile" time="0.011" errors="0" timestamp="2024-06-14T22:16:29 IST" skipped="0">
  <testcase classname="dataDrivenTesting.ReadCSVFile" name="readCsvFile" time="0.002"/>
  <system-out/>
  <testcase classname="dataDrivenTesting.ReadCSVFile" name="readCsvFile" time="0.002"/>
  <system-out/>
  <testcase classname="dataDrivenTesting.ReadCSVFile" name="readCsvFile" time="0.007"/>
  <system-out/>
</testsuite> <!-- dataDrivenTesting.ReadCSVFile -->
