<?xml version="1.0" encoding="UTF-8"?>
<!-- Generated by org.testng.reporters.JUnitReportReporter -->
<testsuite hostname="LAPTOP-M1JCPL9M" failures="0" tests="1" name="com.qa.rest.test.JsonSchemaValidate" time="4.679" errors="0" timestamp="2024-05-24T13:02:31 IST" skipped="0">
  <testcase classname="com.qa.rest.test.JsonSchemaValidate" name="validateSchema" time="4.679"/>
  <system-out/>
</testsuite> <!-- com.qa.rest.test.JsonSchemaValidate -->
