<?xml version="1.0" encoding="UTF-8"?>
<!-- Generated by org.testng.reporters.JUnitReportReporter -->
<testsuite hostname="LAPTOP-M1JCPL9M" failures="0" tests="3" name="runner.RunCucumberTestNG" time="8.217" errors="0" timestamp="2024-05-16T19:44:56 IST" skipped="0">
  <testcase classname="runner.RunCucumberTestNG" name="runScenario" time="2.750"/>
  <system-out/>
  <testcase classname="runner.RunCucumberTestNG" name="runScenario" time="2.741"/>
  <system-out/>
  <testcase classname="runner.RunCucumberTestNG" name="runScenario" time="2.726"/>
  <system-out/>
</testsuite> <!-- runner.RunCucumberTestNG -->
