<?xml version="1.0" encoding="UTF-8"?>
<!-- Generated by org.testng.reporters.JUnitReportReporter -->
<testsuite hostname="LAPTOP-M1JCPL9M" failures="0" tests="3" name="runner.RunCucumberTestNG" time="11.817" errors="0" timestamp="2024-06-10T11:15:45 IST" skipped="0">
  <testcase classname="runner.RunCucumberTestNG" name="runScenario" time="3.934"/>
  <system-out/>
  <testcase classname="runner.RunCucumberTestNG" name="runScenario" time="3.934"/>
  <system-out/>
  <testcase classname="runner.RunCucumberTestNG" name="runScenario" time="3.949"/>
  <system-out/>
</testsuite> <!-- runner.RunCucumberTestNG -->
