<?xml version="1.0" encoding="UTF-8"?>
<!-- Generated by org.testng.reporters.JUnitReportReporter -->
<testsuite hostname="LAPTOP-M1JCPL9M" failures="0" tests="1" name="amazon.test.SearchListOfMobile" time="4.059" errors="0" timestamp="2024-06-13T14:56:04 IST" skipped="0">
  <testcase classname="amazon.test.SearchListOfMobile" name="searchMobileWithPriceLessThan10K" time="4.059"/>
  <system-out/>
</testsuite> <!-- amazon.test.SearchListOfMobile -->
