<?xml version="1.0" encoding="UTF-8"?>
<!-- Generated by org.testng.reporters.JUnitReportReporter -->
<testsuite hostname="LAPTOP-M1JCPL9M" failures="0" tests="4" name="com.qa.rest.test.GetAndPost" time="2.774" errors="0" timestamp="2024-05-24T12:55:49 IST" skipped="0">
  <testcase classname="com.qa.rest.test.GetAndPost" name="listUsers" time="0.952"/>
  <system-out/>
  <testcase classname="com.qa.rest.test.GetAndPost" name="createUser" time="0.520"/>
  <system-out/>
  <testcase classname="com.qa.rest.test.GetAndPost" name="patchUser" time="0.820"/>
  <system-out/>
  <testcase classname="com.qa.rest.test.GetAndPost" name="deleteUser" time="0.482"/>
  <system-out/>
</testsuite> <!-- com.qa.rest.test.GetAndPost -->
