<?xml version="1.0" encoding="UTF-8"?>
<!-- Generated by org.testng.reporters.JUnitReportReporter -->
<testsuite hostname="LAPTOP-M1JCPL9M" failures="0" tests="1" name="com.qa.rest.test.GetBddGarnest" time="3.053" errors="0" timestamp="2024-05-15T09:56:53 IST" skipped="0">
  <testcase classname="com.qa.rest.test.GetBddGarnest" name="test" time="3.053"/>
  <system-out/>
</testsuite> <!-- com.qa.rest.test.GetBddGarnest -->
