<?xml version="1.0" encoding="UTF-8"?>
<!-- Generated by org.testng.reporters.JUnitReportReporter -->
<testsuite hostname="LAPTOP-M1JCPL9M" failures="0" tests="1" name="com.qa.web.automation.ParaBankTest" time="10.921" errors="0" timestamp="2024-06-10T11:15:45 IST" skipped="0">
  <testcase classname="com.qa.web.automation.ParaBankTest" name="openUrl" time="10.921"/>
  <system-out/>
</testsuite> <!-- com.qa.web.automation.ParaBankTest -->
