<?xml version="1.0" encoding="UTF-8"?>
<!-- Generated by org.testng.reporters.JUnitReportReporter -->
<testsuite hostname="LAPTOP-M1JCPL9M" failures="0" tests="3" name="runner.FailedRunner" time="3.833" errors="0" timestamp="2024-05-15T12:16:10 IST" skipped="0">
  <testcase classname="runner.FailedRunner" name="runScenario" time="0.758"/>
  <system-out/>
  <testcase classname="runner.FailedRunner" name="runScenario" time="0.737"/>
  <system-out/>
  <testcase classname="runner.FailedRunner" name="runScenario" time="2.338"/>
  <system-out/>
</testsuite> <!-- runner.FailedRunner -->
