<?xml version="1.0" encoding="UTF-8"?>
<!-- Generated by org.testng.reporters.JUnitReportReporter -->
<testsuite hostname="LAPTOP-M1JCPL9M" failures="0" tests="1" name="serialisationAndDeserialisation.DeserialisationJSONResponse" time="4.969" errors="0" timestamp="2024-06-19T22:08:08 IST" skipped="0">
  <testcase classname="serialisationAndDeserialisation.DeserialisationJSONResponse" name="createUser" time="4.969"/>
  <system-out/>
</testsuite> <!-- serialisationAndDeserialisation.DeserialisationJSONResponse -->
