<?xml version="1.0" encoding="UTF-8"?>
<!-- Generated by org.testng.reporters.JUnitReportReporter -->
<testsuite hostname="LAPTOP-M1JCPL9M" failures="0" tests="3" name="runner.RunCucumberTestNG" time="6.074" errors="0" timestamp="2024-05-26T13:51:47 IST" skipped="0">
  <testcase classname="runner.RunCucumberTestNG" name="runScenario" time="2.025"/>
  <system-out/>
  <testcase classname="runner.RunCucumberTestNG" name="runScenario" time="2.025"/>
  <system-out/>
  <testcase classname="runner.RunCucumberTestNG" name="runScenario" time="2.024"/>
  <system-out/>
</testsuite> <!-- runner.RunCucumberTestNG -->
