<?xml version="1.0" encoding="UTF-8"?>
<!-- Generated by org.testng.reporters.JUnitReportReporter -->
<testsuite hostname="LAPTOP-M1JCPL9M" failures="0" tests="3" name="runner.RunCucumberTestNG" time="3.979" errors="0" timestamp="2024-05-16T19:53:42 IST" skipped="0">
  <testcase classname="runner.RunCucumberTestNG" name="runScenario" time="1.328"/>
  <system-out/>
  <testcase classname="runner.RunCucumberTestNG" name="runScenario" time="1.298"/>
  <system-out/>
  <testcase classname="runner.RunCucumberTestNG" name="runScenario" time="1.353"/>
  <system-out/>
</testsuite> <!-- runner.RunCucumberTestNG -->
