<?xml version="1.0" encoding="UTF-8"?>
<!-- Generated by org.testng.reporters.JUnitReportReporter -->
<testsuite hostname="LAPTOP-M1JCPL9M" failures="0" tests="2" name="com.qa.rest.test.GetBddGarnest" time="3.299" errors="0" timestamp="2024-05-24T13:12:22 IST" skipped="0">
  <testcase classname="com.qa.rest.test.GetBddGarnest" name="testGet1" time="2.888"/>
  <system-out/>
  <testcase classname="com.qa.rest.test.GetBddGarnest" name="testGet2" time="0.411"/>
  <system-out/>
</testsuite> <!-- com.qa.rest.test.GetBddGarnest -->
