<?xml version="1.0" encoding="UTF-8"?>
<!-- Generated by org.testng.reporters.JUnitReportReporter -->
<testsuite hostname="LAPTOP-M1JCPL9M" failures="0" tests="3" name="runner.RunCucumberTestNG" time="12.657" errors="0" timestamp="2024-05-28T21:53:05 IST" skipped="0">
  <testcase classname="runner.RunCucumberTestNG" name="runScenario" time="4.235"/>
  <system-out/>
  <testcase classname="runner.RunCucumberTestNG" name="runScenario" time="4.219"/>
  <system-out/>
  <testcase classname="runner.RunCucumberTestNG" name="runScenario" time="4.203"/>
  <system-out/>
</testsuite> <!-- runner.RunCucumberTestNG -->
