<?xml version="1.0" encoding="UTF-8"?>
<!-- Generated by org.testng.reporters.JUnitReportReporter -->
<testsuite hostname="LAPTOP-M1JCPL9M" failures="0" tests="3" name="runner.RunCucumberTestNG" time="9.598" errors="0" timestamp="2024-05-26T20:54:42 IST" skipped="0">
  <testcase classname="runner.RunCucumberTestNG" name="runScenario" time="3.209"/>
  <system-out/>
  <testcase classname="runner.RunCucumberTestNG" name="runScenario" time="3.210"/>
  <system-out/>
  <testcase classname="runner.RunCucumberTestNG" name="runScenario" time="3.179"/>
  <system-out/>
</testsuite> <!-- runner.RunCucumberTestNG -->
