<?xml version="1.0" encoding="UTF-8"?>
<!-- Generated by org.testng.reporters.JUnitReportReporter -->
<testsuite hostname="LAPTOP-M1JCPL9M" failures="0" tests="4" name="com.qa.rest.test.GetAndPost" time="2.511" errors="0" timestamp="2024-05-16T20:17:21 IST" skipped="0">
  <testcase classname="com.qa.rest.test.GetAndPost" name="listUsers" time="1.027"/>
  <system-out/>
  <testcase classname="com.qa.rest.test.GetAndPost" name="createUser" time="0.551"/>
  <system-out/>
  <testcase classname="com.qa.rest.test.GetAndPost" name="patchUser" time="0.507"/>
  <system-out/>
  <testcase classname="com.qa.rest.test.GetAndPost" name="deleteUser" time="0.426"/>
  <system-out/>
</testsuite> <!-- com.qa.rest.test.GetAndPost -->
