<?xml version="1.0" encoding="UTF-8"?>
<!-- Generated by org.testng.reporters.JUnitReportReporter -->
<testsuite hostname="LAPTOP-M1JCPL9M" failures="0" tests="2" name="com.qa.rest.test.GetBddGarnest" time="4.483" errors="0" timestamp="2024-06-10T11:12:57 IST" skipped="0">
  <testcase classname="com.qa.rest.test.GetBddGarnest" name="testGet2" time="0.400"/>
  <system-out/>
  <testcase classname="com.qa.rest.test.GetBddGarnest" name="testGet1" time="4.083"/>
  <system-out/>
</testsuite> <!-- com.qa.rest.test.GetBddGarnest -->
