<?xml version="1.0" encoding="UTF-8"?>
<!-- Generated by org.testng.reporters.JUnitReportReporter -->
<testsuite hostname="LAPTOP-M1JCPL9M" failures="0" tests="3" name="runner.RunCucumberTestNG" time="4.216" errors="0" timestamp="2024-05-16T20:17:21 IST" skipped="0">
  <testcase classname="runner.RunCucumberTestNG" name="runScenario" time="1.910"/>
  <system-out/>
  <testcase classname="runner.RunCucumberTestNG" name="runScenario" time="1.154"/>
  <system-out/>
  <testcase classname="runner.RunCucumberTestNG" name="runScenario" time="1.152"/>
  <system-out/>
</testsuite> <!-- runner.RunCucumberTestNG -->
