<?xml version="1.0" encoding="UTF-8"?>
<!-- Generated by org.testng.reporters.JUnitReportReporter -->
<testsuite hostname="LAPTOP-M1JCPL9M" failures="0" tests="4" name="com.qa.rest.test.GetAndPost" time="5.624" errors="0" timestamp="2024-05-26T13:06:15 IST" skipped="0">
  <testcase classname="com.qa.rest.test.GetAndPost" name="listUsers" time="3.794"/>
  <system-out/>
  <testcase classname="com.qa.rest.test.GetAndPost" name="createUser" time="0.521"/>
  <system-out/>
  <testcase classname="com.qa.rest.test.GetAndPost" name="patchUser" time="0.868"/>
  <system-out/>
  <testcase classname="com.qa.rest.test.GetAndPost" name="deleteUser" time="0.441"/>
  <system-out/>
</testsuite> <!-- com.qa.rest.test.GetAndPost -->
