<?xml version="1.0" encoding="UTF-8"?>
<!-- Generated by org.testng.reporters.JUnitReportReporter -->
<testsuite hostname="LAPTOP-M1JCPL9M" failures="0" tests="3" name="runner.RunCucumberTestNG" time="7.519" errors="0" timestamp="2024-05-15T12:34:01 IST" skipped="0">
  <testcase classname="runner.RunCucumberTestNG" name="runScenario" time="2.507"/>
  <system-out/>
  <testcase classname="runner.RunCucumberTestNG" name="runScenario" time="2.502"/>
  <system-out/>
  <testcase classname="runner.RunCucumberTestNG" name="runScenario" time="2.510"/>
  <system-out/>
</testsuite> <!-- runner.RunCucumberTestNG -->
