<?xml version="1.0" encoding="UTF-8"?>
<!-- Generated by org.testng.reporters.JUnitReportReporter -->
<testsuite hostname="LAPTOP-M1JCPL9M" failures="0" tests="4" name="com.qa.rest.test.GetAndPost" time="2.594" errors="0" timestamp="2024-05-24T13:12:22 IST" skipped="0">
  <testcase classname="com.qa.rest.test.GetAndPost" name="listUsers" time="0.948"/>
  <system-out/>
  <testcase classname="com.qa.rest.test.GetAndPost" name="createUser" time="0.499"/>
  <system-out/>
  <testcase classname="com.qa.rest.test.GetAndPost" name="patchUser" time="0.719"/>
  <system-out/>
  <testcase classname="com.qa.rest.test.GetAndPost" name="deleteUser" time="0.428"/>
  <system-out/>
</testsuite> <!-- com.qa.rest.test.GetAndPost -->
