<?xml version="1.0" encoding="UTF-8"?>
<!-- Generated by org.testng.reporters.JUnitReportReporter -->
<testsuite hostname="LAPTOP-M1JCPL9M" failures="0" tests="2" name="com.qa.rest.test.GetBddGarnest" time="4.420" errors="0" timestamp="2024-05-26T13:06:15 IST" skipped="0">
  <testcase classname="com.qa.rest.test.GetBddGarnest" name="testGet2" time="0.378"/>
  <system-out/>
  <testcase classname="com.qa.rest.test.GetBddGarnest" name="testGet1" time="4.042"/>
  <system-out/>
</testsuite> <!-- com.qa.rest.test.GetBddGarnest -->
