<?xml version="1.0" encoding="UTF-8"?>
<!-- Generated by org.testng.reporters.JUnitReportReporter -->
<testsuite hostname="LAPTOP-M1JCPL9M" failures="0" tests="3" name="runner.RunCucumberTestNG" time="6.555" errors="0" timestamp="2024-05-26T13:06:15 IST" skipped="0">
  <testcase classname="runner.RunCucumberTestNG" name="runScenario" time="2.196"/>
  <system-out/>
  <testcase classname="runner.RunCucumberTestNG" name="runScenario" time="2.189"/>
  <system-out/>
  <testcase classname="runner.RunCucumberTestNG" name="runScenario" time="2.170"/>
  <system-out/>
</testsuite> <!-- runner.RunCucumberTestNG -->
