<?xml version="1.0" encoding="UTF-8"?>
<!-- Generated by org.testng.reporters.JUnitReportReporter -->
<testsuite hostname="LAPTOP-M1JCPL9M" failures="0" tests="3" name="runner.RunCucumberTestNG" time="4.224" errors="0" timestamp="2024-05-24T13:12:22 IST" skipped="0">
  <testcase classname="runner.RunCucumberTestNG" name="runScenario" time="1.404"/>
  <system-out/>
  <testcase classname="runner.RunCucumberTestNG" name="runScenario" time="1.400"/>
  <system-out/>
  <testcase classname="runner.RunCucumberTestNG" name="runScenario" time="1.420"/>
  <system-out/>
</testsuite> <!-- runner.RunCucumberTestNG -->
